[2025-10-17 00:07:58] === VISIONVOICE INICIADO ===
[2025-10-17 00:07:58] MOCK_MODE: true
[2025-10-17 00:07:58] BASE_URL: http://localhost/visionvoice
[2025-10-17 00:07:58] HTTP_HOST: localhost
[2025-10-17 00:34:50] === VISIONVOICE INICIADO ===
[2025-10-17 00:34:50] MODO: OCR Gratuito (Tesseract.js)
[2025-10-17 00:42:20] === VISIONVOICE INICIADO ===
[2025-10-17 00:42:20] MODO: OCR Gratuito (Tesseract.js)
[2025-10-17 00:43:29] === VISIONVOICE INICIADO ===
[2025-10-17 00:43:29] MODO: OCR Gratuito (Tesseract.js)
[2025-10-17 00:57:56] === VISIONVOICE INICIADO ===
[2025-10-17 00:57:56] MODO: OCR Gratuito (Tesseract.js)
[2025-10-20 15:16:29] === VISIONVOICE INICIADO ===
[2025-10-20 15:16:29] MODO: OCR Gratuito (Tesseract.js)
[2025-10-20 15:17:05] === VISIONVOICE INICIADO ===
[2025-10-20 15:17:05] MODO: OCR Gratuito (Tesseract.js)
[2025-10-20 15:18:15] === VISIONVOICE INICIADO ===
[2025-10-20 15:18:15] MODO: OCR Gratuito (Tesseract.js)
[2025-10-20 15:18:55] === VISIONVOICE INICIADO ===
[2025-10-20 15:18:55] MODO: OCR Gratuito (Tesseract.js)
